/home/ubuntu/miniconda3/envs/aligner/bin/gmm-boost-silence --boost=1.0 6 /home/ubuntu/Documents/MFA/random_subset_11_train_acoustic_model/sat_2_ali/final.mdl - 
WARNING (gmm-boost-silence[5.5.992]:main():gmmbin/gmm-boost-silence.cc:82) The pdfs for the silence phones may be shared by other phones (note: this probably does not matter.)
LOG (gmm-boost-silence[5.5.992]:main():gmmbin/gmm-boost-silence.cc:93) Boosted weights for 4 pdfs, by factor of 1
/home/ubuntu/miniconda3/envs/aligner/bin/gmm-align-compiled --transition-scale=1.0 --acoustic-scale=0.1 --self-loop-scale=0.1 --beam=10 --retry-beam=40 --careful=false - scp:/home/ubuntu/Documents/MFA/random_subset_11_train_acoustic_model/sat_2_ali/fsts.canto-tones.0.scp 'ark,s,cs:apply-cmvn --utt2spk=ark:/home/ubuntu/Documents/MFA/random_subset_11_train_acoustic_model/random_subset_11/split1/utt2spk.canto-tones.0.scp scp:/home/ubuntu/Documents/MFA/random_subset_11_train_acoustic_model/random_subset_11/split1/cmvn.canto-tones.0.scp scp:/home/ubuntu/Documents/MFA/random_subset_11_train_acoustic_model/random_subset_11/split1/feats.canto-tones.0.scp ark:- | splice-feats --left-context=3 --right-context=3 ark:- ark:- | transform-feats /home/ubuntu/Documents/MFA/random_subset_11_train_acoustic_model/sat_2_ali/lda.mat ark:- ark:- |' ark:/home/ubuntu/Documents/MFA/random_subset_11_train_acoustic_model/sat_2_ali/ali.canto-tones.0.ark ark,t:- 
LOG (gmm-boost-silence[5.5.992]:main():gmmbin/gmm-boost-silence.cc:103) Wrote model to -
apply-cmvn --utt2spk=ark:/home/ubuntu/Documents/MFA/random_subset_11_train_acoustic_model/random_subset_11/split1/utt2spk.canto-tones.0.scp scp:/home/ubuntu/Documents/MFA/random_subset_11_train_acoustic_model/random_subset_11/split1/cmvn.canto-tones.0.scp scp:/home/ubuntu/Documents/MFA/random_subset_11_train_acoustic_model/random_subset_11/split1/feats.canto-tones.0.scp ark:- 
splice-feats --left-context=3 --right-context=3 ark:- ark:- 
transform-feats /home/ubuntu/Documents/MFA/random_subset_11_train_acoustic_model/sat_2_ali/lda.mat ark:- ark:- 
LOG (gmm-align-compiled[5.5.992]:main():gmmbin/gmm-align-compiled.cc:127) words-BABEL-BP-101-22910-20111028-183848-S3-scripted
LOG (gmm-align-compiled[5.5.992]:main():gmmbin/gmm-align-compiled.cc:127) words-BABEL-BP-101-29302-20111023-165023-S1-scripted
WARNING (gmm-align-compiled[5.5.992]:AlignUtteranceWrapper():decoder/decoder-wrappers.cc:617) Retrying utterance words-BABEL-BP-101-29302-20111023-165023-S1-scripted with beam 40
LOG (gmm-align-compiled[5.5.992]:main():gmmbin/gmm-align-compiled.cc:127) words-BABEL-BP-101-31393-20111018-151800-C2-scripted
WARNING (gmm-align-compiled[5.5.992]:AlignUtteranceWrapper():decoder/decoder-wrappers.cc:617) Retrying utterance words-BABEL-BP-101-31393-20111018-151800-C2-scripted with beam 40
LOG (gmm-align-compiled[5.5.992]:main():gmmbin/gmm-align-compiled.cc:127) words-BABEL-BP-101-32710-20111119-125209-C1-scripted
LOG (apply-cmvn[5.5.992]:main():featbin/apply-cmvn.cc:162) Applied cepstral mean normalization to 8 utterances, errors on 0
LOG (gmm-align-compiled[5.5.992]:main():gmmbin/gmm-align-compiled.cc:127) words-BABEL-BP-101-74884-20111030-141246-A1-scripted
LOG (gmm-align-compiled[5.5.992]:main():gmmbin/gmm-align-compiled.cc:127) words-BABEL-BP-101-75243-20111204-175722-L2-scripted
LOG (gmm-align-compiled[5.5.992]:main():gmmbin/gmm-align-compiled.cc:127) words-BABEL-BP-101-82217-20111115-190418-I1-scripted
LOG (transform-feats[5.5.992]:main():featbin/transform-feats.cc:158) Overall average [pseudo-]logdet is -51.1392 over 6682 frames.
LOG (transform-feats[5.5.992]:main():featbin/transform-feats.cc:161) Applied transform to 8 utterances; 0 had errors.
LOG (gmm-align-compiled[5.5.992]:main():gmmbin/gmm-align-compiled.cc:127) words-BABEL-BP-101-93454-20111027-011311-S7-scripted
LOG (gmm-align-compiled[5.5.992]:main():gmmbin/gmm-align-compiled.cc:135) Overall log-likelihood per frame is -56.5954 over 6682 frames.
LOG (gmm-align-compiled[5.5.992]:main():gmmbin/gmm-align-compiled.cc:137) Retried 2 out of 8 utterances.
LOG (gmm-align-compiled[5.5.992]:main():gmmbin/gmm-align-compiled.cc:139) Done 8, errors on 0
