Processing /home/ubuntu/Documents/MFA/random_subset_11_train_acoustic_model/sat_2_ali/textgrids/BABEL_BP_101_81308_20111021_141539_R1_scripted.TextGrid...
  * 1 speakers
Speaker words:
  * 0 words
  * 0 phones
Done!
Processing /home/ubuntu/Documents/MFA/random_subset_11_train_acoustic_model/sat_2_ali/textgrids/BABEL_BP_101_72330_20111021_172915_N1_scripted.TextGrid...
  * 1 speakers
Speaker words:
  * 0 words
  * 0 phones
Done!
Processing /home/ubuntu/Documents/MFA/random_subset_11_train_acoustic_model/sat_2_ali/textgrids/BABEL_BP_101_93454_20111027_011311_S7_scripted.TextGrid...
  * 1 speakers
Speaker words:
  * 17 words
  * 47 phones
Done!
Processing /home/ubuntu/Documents/MFA/random_subset_11_train_acoustic_model/sat_2_ali/textgrids/BABEL_BP_101_29302_20111023_165023_S1_scripted.TextGrid...
  * 1 speakers
Speaker words:
  * 15 words
  * 41 phones
Done!
Processing /home/ubuntu/Documents/MFA/random_subset_11_train_acoustic_model/sat_2_ali/textgrids/BABEL_BP_101_75243_20111204_175722_L2_scripted.TextGrid...
  * 1 speakers
Speaker words:
  * 6 words
  * 16 phones
Done!
Processing /home/ubuntu/Documents/MFA/random_subset_11_train_acoustic_model/sat_2_ali/textgrids/BABEL_BP_101_85617_20111126_193041_S7_scripted.TextGrid...
  * 1 speakers
Speaker words:
  * 0 words
  * 0 phones
Done!
Processing /home/ubuntu/Documents/MFA/random_subset_11_train_acoustic_model/sat_2_ali/textgrids/BABEL_BP_101_82217_20111115_190418_I1_scripted.TextGrid...
  * 1 speakers
Speaker words:
  * 1 words
  * 3 phones
Done!
Processing /home/ubuntu/Documents/MFA/random_subset_11_train_acoustic_model/sat_2_ali/textgrids/BABEL_BP_101_32710_20111119_125209_C1_scripted.TextGrid...
  * 1 speakers
Speaker words:
  * 5 words
  * 14 phones
Done!
Processing /home/ubuntu/Documents/MFA/random_subset_11_train_acoustic_model/sat_2_ali/textgrids/BABEL_BP_101_31393_20111018_151800_C2_scripted.TextGrid...
  * 1 speakers
Speaker words:
  * 12 words
  * 33 phones
Done!
Processing /home/ubuntu/Documents/MFA/random_subset_11_train_acoustic_model/sat_2_ali/textgrids/BABEL_BP_101_22910_20111028_183848_S3_scripted.TextGrid...
  * 1 speakers
Speaker words:
  * 9 words
  * 26 phones
Done!
Processing /home/ubuntu/Documents/MFA/random_subset_11_train_acoustic_model/sat_2_ali/textgrids/BABEL_BP_101_74884_20111030_141246_A1_scripted.TextGrid...
  * 1 speakers
Speaker words:
  * 1 words
  * 5 phones
Done!
